<?xml version="1.0" encoding="UTF-8"?>
<testsuite name="com.cs271.MatrixTests" tests="9" skipped="0" failures="0" errors="0" timestamp="2022-06-29T22:39:44" hostname="LAPTOP-MK0031UD" time="0.055">
  <properties/>
  <testcase name="shouldLoadDataIntoMatrix()" classname="com.cs271.MatrixTests" time="0.024"/>
  <testcase name="isEqualTests()" classname="com.cs271.MatrixTests" time="0.007"/>
  <testcase name="matricesSubtractionFailsWhenMatrixIsNull()" classname="com.cs271.MatrixTests" time="0.002"/>
  <testcase name="scalarSubtractionTests()" classname="com.cs271.MatrixTests" time="0.003"/>
  <testcase name="matricesSubtractionWorks()" classname="com.cs271.MatrixTests" time="0.003"/>
  <testcase name="scalarAdditionTests()" classname="com.cs271.MatrixTests" time="0.003"/>
  <testcase name="additionTests()" classname="com.cs271.MatrixTests" time="0.003"/>
  <testcase name="matricesSubtractionFailsWhenColumnsAreDifferentSizes()" classname="com.cs271.MatrixTests" time="0.001"/>
  <testcase name="matricesSubtractionFailsWhenRowsAreDifferentSizes()" classname="com.cs271.MatrixTests" time="0.001"/>
  <system-out><![CDATA[
============================================================
Tests for isEqual Method
Test 1: Success - Both 2x2 Matrices
Test 2: Success - One 1x1 Matrix and 2x2 Matrix
Test 3: Success - One 2x1 Matrix and 2x2 Matrix
Test 4: Success - One 1x2 Matrix and 2x2 Matrix
Test 5: Success - One 3x1 Matrix and 2x2 Matrix
Test 6: Success - One 1x3 Matrix and 2x2 Matrix
Test 7: Success - One 1x1 + 1x2 Matrix and 2x2 Matrix
Test 8: Success - One 1x2 + 1x1 Matrix and 2x2 Matrix
Test 9: Success - One 3x3 Matrix and 2x2 Matrix
Test 10: Success - One empty Matrix and 2x2 Matrix
Test 11: Success - Both empty Matrices
============================================================

DONE WITH TESTS

============================================================
Tests for Matrix Subtraction Method

Error: One or both matrices are null


============================================================
Tests for scalarSubtraction Method
Test 1: Success - 1x1 Matrix: 1 
Test 2: Success - 2x2 Matrix: 1 2 , 3 4 
Test 3: Success - 1x2 Matrix: 1 2 
Test 4: Success - 2x1 Matrix: 1 , 2 
Test 5: Success - 3x3 Matrix: 1 2 3 , 4 5 6 , 7 8 9 
Test 6: Success - 3x2 Matrix: 1 2 , 3 4 , 5 6 
Test 7: Success - 2x3 Matrix: 1 2 3 , 4 5 6 
Test 8: Success - 1x1, 1x2, 1x3 Matrix: 1 , 2 3 , 4 5 6 
Test 9: Success - Matrix was null
============================================================

0 -1 
1 1 

1 3 
2 3 


============================================================
Tests for scalarAddition Method
Test 1: Success - 1x1 Matrix: 6 
Test 2: Success - 2x2 Matrix: 6 7 , 8 9 
Test 3: Success - 1x2 Matrix: 6 7 
Test 4: Success - 2x1 Matrix: 6 , 7 
Test 5: Success - 3x3 Matrix: 6 7 8 , 9 10 11 , 12 13 14 
Test 6: Success - 3x2 Matrix: 6 7 , 8 9 , 10 11 
Test 7: Success - 2x3 Matrix: 6 7 8 , 9 10 11 
Test 8: Success - 1x1, 1x2, 1x3 Matrix: 6 , 7 8 , 9 10 11 
Test 9: Success - Matrix was null
============================================================


============================================================
Tests for Matrix Addition Method
Test 1: Success - 1x1 Matrix: 7 
Test 2: Success - 2x2 Matrix: 7 8 , 9 10 
Test 2: Success - 2x1 Matrix: 7 8 
Test 2: Success - 1x1 Matrix: 7 , 8 
Test 2: Success - 3x3 Matrix: 7 8 9 , 10 11 12 , 13 14 15 
Test 2: Success - 2x3 Matrix: 7 8 , 9 10 , 11 12 
Test 2: Success - 3x2 Matrix: 7 8 9 , 10 11 12 
Test 2: Failed - Invalid Matrix
Error: The matrices are different sizes (columns)

Error: The matrices are different sizes (rows)
============================================================

]]></system-out>
  <system-err><![CDATA[]]></system-err>
</testsuite>
